Year  |  Leap_Year  |  Annual_Q  |  Annual_MAX  |  seven_day_Q_min
1941  |  365  |  751  |  7200  |  55
1942  |  365  |  830  |  17400  |  70
1943  |  365  |  1327  |  17100  |  44
1944  |  366  |  743  |  9600  |  51
1945  |  365  |  1236  |  9860  |  122
1946  |  365  |  1152  |  10000  |  87
1947  |  365  |  1122  |  11800  |  123
1948  |  366  |  1075  |  24500  |  68
1949  |  365  |  825  |  14000  |  45
1950  |  365  |  1130  |  12600  |  145
1951  |  365  |  1208  |  13900  |  154
1952  |  366  |  1167  |  7800  |  100
1953  |  365  |  989  |  11900  |  47
1954  |  365  |  890  |  8100  |  44
1955  |  365  |  1089  |  13900  |  47
1956  |  366  |  1347  |  14700  |  78
1957  |  365  |  843  |  7400  |  37
1958  |  365  |  1065  |  12800  |  43
1959  |  365  |  888  |  17000  |  54
1960  |  366  |  1399  |  16000  |  100
   
Mean_of_annual_average:
1054
Mean_of_annual_MAX:
12878
Mean_of_MIN_7Q:
76
Standard_deviation_of_annual_average:
200.71
Standard_deviation_of_annual_MAX:
4279.4
Standard_deviation_of_MIN_7Q:
36.61
   
The_100_year_flood_using_Log_Pearson_III:
26391
   
The_7Q10_using_3_parameter_lognormal:
41
